2026-02-07 23:49:56 INFO  LoginPage - LoginPage initialized
2026-02-07 23:49:56 INFO  LoginPage - Attempting login for user: Admin
2026-02-07 23:49:56 INFO  LoginPage - Entering username: Admin
2026-02-07 23:49:57 INFO  LoginPage - Entering password
2026-02-07 23:49:57 INFO  LoginPage - Clicking Login button
2026-02-07 23:49:57 INFO  LoginPage - Login action submitted for user: Admin
2026-02-08 01:02:15 INFO  LoginPage - LoginPage initialized
2026-02-08 01:02:15 INFO  LoginPage - Attempting login for user: Admin
2026-02-08 01:02:15 INFO  LoginPage - Entering username: Admin
2026-02-08 01:05:02 INFO  LoginPage - LoginPage initialized
2026-02-08 01:05:02 INFO  LoginPage - Attempting login for user: Admin
2026-02-08 01:05:02 INFO  LoginPage - Entering username: Admin
2026-02-08 01:05:03 INFO  LoginPage - Entering password
2026-02-08 01:05:03 INFO  LoginPage - Clicking Login button
2026-02-08 01:05:05 INFO  LoginPage - Login action submitted for user: Admin
2026-02-08 01:06:00 INFO  LoginPage - LoginPage initialized
2026-02-08 01:06:00 INFO  LoginPage - Attempting login for user: Admin
2026-02-08 01:06:00 INFO  LoginPage - Entering username: Admin
2026-02-08 01:06:02 INFO  LoginPage - Entering password
2026-02-08 01:06:02 INFO  LoginPage - Clicking Login button
2026-02-08 01:06:04 INFO  LoginPage - Login action submitted for user: Admin
2026-02-08 01:08:26 INFO  LoginPage - LoginPage initialized
2026-02-08 01:08:26 INFO  LoginPage - Attempting login for user: Admin
2026-02-08 01:08:26 INFO  LoginPage - Entering username: Admin
2026-02-08 01:08:27 INFO  LoginPage - Entering password
2026-02-08 01:08:27 INFO  LoginPage - Clicking Login button
2026-02-08 01:08:29 INFO  LoginPage - Login action submitted for user: Admin
2026-02-08 01:13:16 INFO  LoginPage - LoginPage initialized
2026-02-08 01:13:16 INFO  LoginPage - Attempting login for user: Admin
2026-02-08 01:13:16 INFO  LoginPage - Entering username: Admin
2026-02-08 01:13:18 INFO  LoginPage - Entering password
2026-02-08 01:13:18 INFO  LoginPage - Clicking Login button
2026-02-08 01:13:20 INFO  LoginPage - Login action submitted for user: Admin
2026-02-08 01:32:16 INFO  LoginPage - LoginPage initialized
2026-02-08 01:32:16 INFO  LoginPage - Attempting login for user: Admin
2026-02-08 01:32:16 INFO  LoginPage - Entering username: Admin
2026-02-08 01:32:17 INFO  LoginPage - Entering password
2026-02-08 01:32:18 INFO  LoginPage - Clicking Login button
2026-02-08 01:32:18 INFO  LoginPage - Login action submitted for user: Admin
2026-02-08 01:33:52 INFO  LoginPage - LoginPage initialized
2026-02-08 01:33:52 INFO  LoginPage - Attempting login for user: Admin
2026-02-08 01:33:52 INFO  LoginPage - Entering username: Admin
2026-02-08 01:33:53 INFO  LoginPage - Entering password
2026-02-08 01:33:53 INFO  LoginPage - Clicking Login button
2026-02-08 01:33:55 INFO  LoginPage - Login action submitted for user: Admin
2026-02-08 10:04:20 INFO  LoginPage - LoginPage initialized
2026-02-08 10:04:20 INFO  LoginPage - Entering username: Admin
2026-02-08 10:04:21 INFO  LoginPage - Entering password
2026-02-08 10:04:21 INFO  LoginPage - Clicking Login button
2026-02-08 10:37:54 INFO  LoginPage - LoginPage initialized
2026-02-08 10:37:54 INFO  LoginPage - Entering username: Admin
2026-02-08 10:37:55 INFO  LoginPage - Entering password
2026-02-08 10:37:55 INFO  LoginPage - Clicking Login button
2026-02-08 10:40:02 INFO  LoginPage - LoginPage initialized
2026-02-08 10:40:02 INFO  LoginPage - LoginPage initialized
2026-02-08 10:40:02 INFO  LoginPage - Entering username: Admin
2026-02-08 10:40:02 INFO  LoginPage - Entering username: Admin
2026-02-08 10:41:04 INFO  LoginPage - LoginPage initialized
2026-02-08 10:41:04 INFO  LoginPage - Entering username: Admin
2026-02-08 10:41:06 INFO  LoginPage - LoginPage initialized
2026-02-08 10:41:06 INFO  LoginPage - Entering username: Admin
2026-02-08 10:41:07 INFO  LoginPage - Entering password
2026-02-08 10:41:07 INFO  LoginPage - Clicking Login button
2026-02-08 10:41:07 INFO  LoginPage - Entering password
2026-02-08 10:41:07 INFO  LoginPage - Clicking Login button
2026-02-08 10:43:09 INFO  LoginPage - LoginPage initialized
2026-02-08 10:43:09 INFO  LoginPage - Entering username: Admin
2026-02-08 10:43:22 INFO  LoginPage - LoginPage initialized
2026-02-08 10:43:22 INFO  LoginPage - Entering username: Admin
2026-02-08 10:43:25 INFO  LoginPage - Entering password
2026-02-08 10:43:25 INFO  LoginPage - Clicking Login button
2026-02-08 15:19:36 INFO  LoginPage - LoginPage initialized
2026-02-08 15:19:36 INFO  LoginPage - LoginPage initialized
2026-02-08 15:19:36 INFO  LoginPage - Entering username: Admin
2026-02-08 15:19:36 INFO  LoginPage - Entering username: Admin
2026-02-08 15:19:43 INFO  LoginPage - Entering password
2026-02-08 15:19:43 INFO  LoginPage - Clicking Login button
2026-02-08 15:19:47 INFO  LoginPage - Entering password
2026-02-08 15:19:47 INFO  LoginPage - Clicking Login button
2026-02-08 15:28:43 INFO  LoginPage - LoginPage initialized
2026-02-08 15:28:43 INFO  LoginPage - Entering username: Admin
2026-02-08 15:28:44 INFO  LoginPage - Entering password
2026-02-08 15:28:44 INFO  LoginPage - Clicking Login button
2026-02-08 15:28:47 INFO  LoginPage - LoginPage initialized
2026-02-08 15:28:47 INFO  LoginPage - Entering username: Admin
2026-02-08 15:28:47 INFO  LoginPage - Entering password
2026-02-08 15:28:47 INFO  LoginPage - Clicking Login button
2026-02-08 15:29:57 INFO  LoginPage - LoginPage initialized
2026-02-08 15:29:57 INFO  LoginPage - Entering username: Admin
2026-02-08 15:30:01 INFO  LoginPage - Entering password
2026-02-08 15:30:01 INFO  LoginPage - Clicking Login button
2026-02-08 15:30:03 INFO  LoginPage - LoginPage initialized
2026-02-08 15:30:03 INFO  LoginPage - Entering username: Admin
2026-02-08 15:30:03 INFO  LoginPage - Entering password
2026-02-08 15:30:03 INFO  LoginPage - Clicking Login button
2026-02-08 15:30:56 INFO  LoginPage - LoginPage initialized
2026-02-08 15:30:56 INFO  LoginPage - LoginPage initialized
2026-02-08 15:30:56 INFO  LoginPage - Entering username: Admin
2026-02-08 15:30:56 INFO  LoginPage - Entering username: Admin
2026-02-08 15:31:00 INFO  LoginPage - Entering password
2026-02-08 15:31:00 INFO  LoginPage - Clicking Login button
2026-02-08 15:31:00 INFO  LoginPage - Entering password
2026-02-08 15:31:00 INFO  LoginPage - Clicking Login button
2026-02-08 15:35:44 INFO  LoginPage - LoginPage initialized
2026-02-08 15:35:44 INFO  LoginPage - Attempting login for user: Admin
2026-02-08 15:35:44 INFO  LoginPage - Entering username: Admin
2026-02-08 15:35:44 INFO  LoginPage - Entering password
2026-02-08 15:35:44 INFO  LoginPage - Clicking Login button
2026-02-08 15:35:45 INFO  LoginPage - Login action submitted for user: Admin
2026-02-08 15:36:25 INFO  LoginPage - LoginPage initialized
2026-02-08 15:36:25 INFO  LoginPage - LoginPage initialized
2026-02-08 15:36:25 INFO  LoginPage - Entering username: Admin
2026-02-08 15:36:25 INFO  LoginPage - Entering username: Admin
2026-02-08 15:36:31 INFO  LoginPage - Entering password
2026-02-08 15:36:31 INFO  LoginPage - Clicking Login button
2026-02-08 15:36:33 INFO  LoginPage - Entering password
2026-02-08 15:36:33 INFO  LoginPage - Clicking Login button
2026-02-08 15:38:20 INFO  LoginPage - LoginPage initialized
2026-02-08 15:38:20 INFO  LoginPage - LoginPage initialized
2026-02-08 15:38:20 INFO  LoginPage - Entering username: Admin
2026-02-08 15:38:20 INFO  LoginPage - Entering username: Admin
2026-02-08 15:38:26 INFO  LoginPage - Entering password
2026-02-08 15:38:26 INFO  LoginPage - Clicking Login button
2026-02-08 15:38:28 INFO  LoginPage - Entering password
2026-02-08 15:38:28 INFO  LoginPage - Clicking Login button
2026-02-08 15:42:39 INFO  LoginPage - LoginPage initialized
2026-02-08 15:42:39 INFO  LoginPage - Attempting login for user: Admin
2026-02-08 15:42:39 INFO  LoginPage - Entering username: Admin
2026-02-08 15:42:40 INFO  LoginPage - Entering password
2026-02-08 15:42:40 INFO  LoginPage - Clicking Login button
2026-02-08 15:42:40 INFO  LoginPage - Login action submitted for user: Admin
2026-02-08 15:44:54 INFO  LoginPage - LoginPage initialized
2026-02-08 15:44:54 INFO  LoginPage - Entering username: Admin
2026-02-08 15:44:54 INFO  LoginPage - Entering password
2026-02-08 15:44:54 INFO  LoginPage - Clicking Login button
2026-02-08 15:44:55 INFO  LoginPage - LoginPage initialized
2026-02-08 15:44:55 INFO  LoginPage - Entering username: Admin
2026-02-08 15:44:55 INFO  LoginPage - Entering password
2026-02-08 15:44:55 INFO  LoginPage - Clicking Login button
2026-02-08 15:50:21 INFO  LoginPage - LoginPage initialized
2026-02-08 15:50:21 INFO  LoginPage - Entering username: Admin
2026-02-08 15:50:21 INFO  LoginPage - Entering password
2026-02-08 15:50:21 INFO  LoginPage - Clicking Login button
2026-02-08 15:50:24 INFO  LoginPage - LoginPage initialized
2026-02-08 15:50:24 INFO  LoginPage - Entering username: Admin
2026-02-08 15:50:25 INFO  LoginPage - Entering password
2026-02-08 15:50:25 INFO  LoginPage - Clicking Login button
2026-02-08 15:50:55 INFO  LoginPage - LoginPage initialized
2026-02-08 15:50:55 INFO  LoginPage - LoginPage initialized
2026-02-08 15:50:55 INFO  LoginPage - Entering username: Admin
2026-02-08 15:50:55 INFO  LoginPage - Entering username: Admin
2026-02-08 15:50:58 INFO  LoginPage - Entering password
2026-02-08 15:50:58 INFO  LoginPage - Clicking Login button
2026-02-08 15:51:04 INFO  LoginPage - Entering password
2026-02-08 15:51:04 INFO  LoginPage - Clicking Login button
2026-02-08 15:51:15 INFO  LoginPage - LoginPage initialized
2026-02-08 15:51:15 INFO  LoginPage - LoginPage initialized
2026-02-08 15:51:15 INFO  LoginPage - Entering username: Admin
2026-02-08 15:51:15 INFO  LoginPage - Entering username: Admin
2026-02-08 15:51:22 INFO  LoginPage - Entering password
2026-02-08 15:51:22 INFO  LoginPage - Clicking Login button
2026-02-08 15:51:27 INFO  LoginPage - Entering password
2026-02-08 15:51:27 INFO  LoginPage - Clicking Login button
2026-02-08 15:53:56 INFO  LoginPage - LoginPage initialized
2026-02-08 15:53:56 INFO  LoginPage - Entering username: Admin
2026-02-08 15:53:56 INFO  LoginPage - Entering password
2026-02-08 15:53:56 INFO  LoginPage - Clicking Login button
2026-02-08 15:54:03 INFO  LoginPage - LoginPage initialized
2026-02-08 15:54:03 INFO  LoginPage - Entering username: Admin
2026-02-08 15:54:03 INFO  LoginPage - Entering password
2026-02-08 15:54:03 INFO  LoginPage - Clicking Login button
2026-02-08 15:54:57 INFO  LoginPage - LoginPage initialized
2026-02-08 15:54:57 INFO  LoginPage - Entering username: Admin
2026-02-08 15:54:57 INFO  LoginPage - Entering password
2026-02-08 15:54:58 INFO  LoginPage - Clicking Login button
2026-02-08 15:55:00 INFO  LoginPage - LoginPage initialized
2026-02-08 15:55:00 INFO  LoginPage - Entering username: Admin
2026-02-08 15:55:00 INFO  LoginPage - Entering password
2026-02-08 15:55:00 INFO  LoginPage - Clicking Login button
2026-02-08 16:00:19 INFO  LoginPage - LoginPage initialized
2026-02-08 16:00:19 INFO  LoginPage - LoginPage initialized
2026-02-08 16:00:19 INFO  LoginPage - Entering username: Admin
2026-02-08 16:00:19 INFO  LoginPage - Entering username: Admin
2026-02-08 16:01:17 INFO  LoginPage - LoginPage initialized
2026-02-08 16:01:17 INFO  LoginPage - LoginPage initialized
2026-02-08 16:01:17 INFO  LoginPage - Entering username: Admin
2026-02-08 16:01:17 INFO  LoginPage - Entering username: Admin
2026-02-08 16:03:02 INFO  LoginPage - LoginPage initialized
2026-02-08 16:03:02 INFO  LoginPage - LoginPage initialized
2026-02-08 16:03:02 INFO  LoginPage - Entering username: Admin
2026-02-08 16:03:02 INFO  LoginPage - Entering username: Admin
2026-02-08 16:05:11 INFO  LoginPage - LoginPage initialized
2026-02-08 16:05:11 INFO  LoginPage - Entering username: Admin
2026-02-08 16:05:14 INFO  LoginPage - LoginPage initialized
2026-02-08 16:05:14 INFO  LoginPage - Entering username: Admin
2026-02-08 16:05:15 INFO  LoginPage - Entering password
2026-02-08 16:05:15 INFO  LoginPage - Clicking Login button
2026-02-08 16:05:15 INFO  LoginPage - Entering password
2026-02-08 16:05:15 INFO  LoginPage - Clicking Login button
2026-02-08 16:10:26 INFO  LoginPage - LoginPage initialized
2026-02-08 16:10:26 INFO  LoginPage - Entering username: Admin
2026-02-08 16:10:27 INFO  LoginPage - Entering password
2026-02-08 16:10:27 INFO  LoginPage - Clicking Login button
2026-02-08 16:10:29 INFO  LoginPage - LoginPage initialized
2026-02-08 16:10:29 INFO  LoginPage - Entering username: Admin
2026-02-08 16:10:31 INFO  LoginPage - Entering password
2026-02-08 16:10:31 INFO  LoginPage - Clicking Login button
2026-02-08 16:11:38 INFO  LoginPage - LoginPage initialized
2026-02-08 16:11:38 INFO  LoginPage - Entering username: Admin
2026-02-08 16:11:38 INFO  LoginPage - LoginPage initialized
2026-02-08 16:11:38 INFO  LoginPage - Entering username: Admin
2026-02-08 16:11:39 INFO  LoginPage - Entering password
2026-02-08 16:11:39 INFO  LoginPage - Clicking Login button
2026-02-08 16:11:39 INFO  LoginPage - Entering password
2026-02-08 16:11:39 INFO  LoginPage - Clicking Login button
2026-02-08 16:13:19 INFO  LoginPage - LoginPage initialized
2026-02-08 16:13:19 INFO  LoginPage - Entering username: Admin
2026-02-08 16:13:20 INFO  LoginPage - Entering password
2026-02-08 16:13:20 INFO  LoginPage - Clicking Login button
2026-02-08 16:13:23 INFO  LoginPage - LoginPage initialized
2026-02-08 16:13:23 INFO  LoginPage - Entering username: Admin
2026-02-08 16:13:24 INFO  LoginPage - Entering password
2026-02-08 16:13:24 INFO  LoginPage - Clicking Login button
2026-02-08 16:13:48 INFO  LoginPage - LoginPage initialized
2026-02-08 16:13:48 INFO  LoginPage - LoginPage initialized
2026-02-08 16:13:48 INFO  LoginPage - Entering username: Admin
2026-02-08 16:13:48 INFO  LoginPage - Entering username: Admin
2026-02-08 16:14:19 INFO  LoginPage - LoginPage initialized
2026-02-08 16:14:19 INFO  LoginPage - Entering username: Admin
2026-02-08 16:14:29 INFO  LoginPage - LoginPage initialized
2026-02-08 16:14:29 INFO  LoginPage - Entering username: Admin
2026-02-08 16:14:30 INFO  LoginPage - Entering password
2026-02-08 16:14:30 INFO  LoginPage - Clicking Login button
2026-02-08 16:15:35 INFO  LoginPage - LoginPage initialized
2026-02-08 16:15:35 INFO  LoginPage - Entering username: Admin
2026-02-08 16:15:51 INFO  LoginPage - LoginPage initialized
2026-02-08 16:15:51 INFO  LoginPage - Entering username: Admin
2026-02-08 16:15:54 INFO  LoginPage - Entering password
2026-02-08 16:15:54 INFO  LoginPage - Clicking Login button
2026-02-08 16:24:41 INFO  LoginPage - LoginPage initialized
2026-02-08 16:24:41 INFO  LoginPage - Attempting login for user: Admin
2026-02-08 16:24:41 INFO  LoginPage - Entering username: Admin
2026-02-08 16:24:49 INFO  LoginPage - Entering password
2026-02-08 16:24:50 INFO  LoginPage - Clicking Login button
2026-02-08 16:24:54 INFO  LoginPage - Login action submitted for user: Admin
2026-02-08 16:42:02 INFO  LoginPage - LoginPage initialized
2026-02-08 16:42:02 INFO  LoginPage - Attempting login for user: Admin
2026-02-08 16:42:02 INFO  LoginPage - Entering username: Admin
2026-02-08 16:42:08 INFO  LoginPage - Entering password
2026-02-08 16:42:09 INFO  LoginPage - Clicking Login button
2026-02-08 16:42:10 INFO  LoginPage - Login action submitted for user: Admin
2026-02-08 16:43:34 INFO  LoginPage - LoginPage initialized
2026-02-08 16:43:34 INFO  LoginPage - LoginPage initialized
2026-02-08 16:43:34 INFO  LoginPage - Entering username: Admin
2026-02-08 16:43:34 INFO  LoginPage - Entering username: Admin
2026-02-08 16:43:35 INFO  LoginPage - Entering password
2026-02-08 16:43:35 INFO  LoginPage - Clicking Login button
2026-02-08 16:43:36 INFO  LoginPage - Entering password
2026-02-08 16:43:36 INFO  LoginPage - Clicking Login button
2026-02-10 10:13:08 INFO  LoginPage - LoginPage initialized
2026-02-10 10:13:08 INFO  LoginPage - Attempting login for user: Admin
2026-02-10 10:13:08 INFO  LoginPage - Entering username: Admin
2026-02-10 10:13:12 INFO  LoginPage - Entering password
2026-02-10 10:13:13 INFO  LoginPage - Clicking Login button
2026-02-10 10:13:16 INFO  LoginPage - Login action submitted for user: Admin
